# JRE version: OpenJDK Runtime Environment Corretto-21.0.6.7.1 (21.0.6+7) (build 21.0.6+7-LTS)
# Java VM: OpenJDK 64-Bit Server VM Corretto-21.0.6.7.1 (21.0.6+7-LTS, mixed mode, emulated-client, sharing, tiered, compressed oops, compressed class ptrs, g1 gc, windows-amd64)
GC Precious Log:
 CardTable entry size: 512
 Card Set container configuration: InlinePtr #cards 5 size 8 Array Of Cards #cards 12 size 40 Howl #buckets 4 coarsen threshold 1843 Howl Bitmap #cards 512 size 80 coarsen threshold 460 Card regions per heap region 1 cards per card region 2048
 CPUs: 4 total, 4 available
 Memory: 8072M
 Large Page Support: Disabled
 NUMA Support: Disabled
 Compressed Oops: Enabled (32-bit)
 Heap Region Size: 1M
 Heap Min Capacity: 8M
 Heap Initial Capacity: 128M
 Heap Max Capacity: 2020M
 Pre-touch: Disabled
 Parallel Workers: 4
 Concurrent Workers: 1
 Concurrent Refinement Workers: 4
 Periodic GC: Disabled
Heap:
 garbage-first heap   total 70656K, used 34600K [0x0000000081c00000, 0x0000000100000000)
  region size 1024K, 13 young (13312K), 5 survivors (5120K)
 Metaspace       used 46237K, committed 46784K, reserved 1114112K
  class space    used 6406K, committed 6656K, reserved 1048576K
GC Heap History (20 events):
Event: 1.951 GC heap before
{Heap before GC invocations=0 (full 0):
 garbage-first heap   total 131072K, used 15360K [0x0000000081c00000, 0x0000000100000000)
  region size 1024K, 13 young (13312K), 0 survivors (0K)
 Metaspace       used 2453K, committed 2624K, reserved 1114112K
  class space    used 261K, committed 320K, reserved 1048576K
}
Event: 1.961 GC heap after
{Heap after GC invocations=1 (full 0):
 garbage-first heap   total 131072K, used 9535K [0x0000000081c00000, 0x0000000100000000)
  region size 1024K, 2 young (2048K), 2 survivors (2048K)
 Metaspace       used 2453K, committed 2624K, reserved 1114112K
  class space    used 261K, committed 320K, reserved 1048576K
}
Event: 2.443 GC heap before
{Heap before GC invocations=1 (full 0):
 garbage-first heap   total 131072K, used 18751K [0x0000000081c00000, 0x0000000100000000)
  region size 1024K, 11 young (11264K), 2 survivors (2048K)
 Metaspace       used 6234K, committed 6464K, reserved 1114112K
  class space    used 733K, committed 832K, reserved 1048576K
}
Event: 2.450 GC heap after
{Heap after GC invocations=2 (full 0):
 garbage-first heap   total 131072K, used 10821K [0x0000000081c00000, 0x0000000100000000)
  region size 1024K, 2 young (2048K), 2 survivors (2048K)
 Metaspace       used 6234K, committed 6464K, reserved 1114112K
  class space    used 733K, committed 832K, reserved 1048576K
}
Event: 4.080 GC heap before
{Heap before GC invocations=2 (full 0):
 garbage-first heap   total 131072K, used 34373K [0x0000000081c00000, 0x0000000100000000)
  region size 1024K, 26 young (26624K), 2 survivors (2048K)
 Metaspace       used 12037K, committed 12480K, reserved 1114112K
  class space    used 1602K, committed 1792K, reserved 1048576K
}
Event: 4.088 GC heap after
{Heap after GC invocations=3 (full 0):
 garbage-first heap   total 131072K, used 12745K [0x0000000081c00000, 0x0000000100000000)
  region size 1024K, 4 young (4096K), 4 survivors (4096K)
 Metaspace       used 12037K, committed 12480K, reserved 1114112K
  class space    used 1602K, committed 1792K, reserved 1048576K
}
Event: 5.376 GC heap before
{Heap before GC invocations=3 (full 0):
 garbage-first heap   total 131072K, used 54729K [0x0000000081c00000, 0x0000000100000000)
  region size 1024K, 47 young (48128K), 4 survivors (4096K)
 Metaspace       used 21122K, committed 21504K, reserved 1114112K
  class space    used 2707K, committed 2880K, reserved 1048576K
}
Event: 5.392 GC heap after
{Heap after GC invocations=4 (full 0):
 garbage-first heap   total 131072K, used 16668K [0x0000000081c00000, 0x0000000100000000)
  region size 1024K, 7 young (7168K), 7 survivors (7168K)
 Metaspace       used 21122K, committed 21504K, reserved 1114112K
  class space    used 2707K, committed 2880K, reserved 1048576K
}
Event: 6.323 GC heap before
{Heap before GC invocations=5 (full 0):
 garbage-first heap   total 58368K, used 44316K [0x0000000081c00000, 0x0000000100000000)
  region size 1024K, 34 young (34816K), 7 survivors (7168K)
 Metaspace       used 23055K, committed 23424K, reserved 1114112K
  class space    used 2989K, committed 3136K, reserved 1048576K
}
Event: 6.345 GC heap after
{Heap after GC invocations=6 (full 0):
 garbage-first heap   total 58368K, used 18464K [0x0000000081c00000, 0x0000000100000000)
  region size 1024K, 3 young (3072K), 3 survivors (3072K)
 Metaspace       used 23055K, committed 23424K, reserved 1114112K
  class space    used 2989K, committed 3136K, reserved 1048576K
}
Event: 7.422 GC heap before
{Heap before GC invocations=6 (full 0):
 garbage-first heap   total 58368K, used 44064K [0x0000000081c00000, 0x0000000100000000)
  region size 1024K, 28 young (28672K), 3 survivors (3072K)
 Metaspace       used 26514K, committed 27008K, reserved 1114112K
  class space    used 3591K, committed 3840K, reserved 1048576K
}
Event: 7.432 GC heap after
{Heap after GC invocations=7 (full 0):
 garbage-first heap   total 58368K, used 20042K [0x0000000081c00000, 0x0000000100000000)
  region size 1024K, 4 young (4096K), 4 survivors (4096K)
 Metaspace       used 26514K, committed 27008K, reserved 1114112K
  class space    used 3591K, committed 3840K, reserved 1048576K
}
Event: 8.614 GC heap before
{Heap before GC invocations=7 (full 0):
 garbage-first heap   total 58368K, used 47690K [0x0000000081c00000, 0x0000000100000000)
  region size 1024K, 31 young (31744K), 4 survivors (4096K)
 Metaspace       used 30182K, committed 30720K, reserved 1114112K
  class space    used 4178K, committed 4416K, reserved 1048576K
}
Event: 8.630 GC heap after
{Heap after GC invocations=8 (full 0):
 garbage-first heap   total 58368K, used 22657K [0x0000000081c00000, 0x0000000100000000)
  region size 1024K, 4 young (4096K), 4 survivors (4096K)
 Metaspace       used 30182K, committed 30720K, reserved 1114112K
  class space    used 4178K, committed 4416K, reserved 1048576K
}
Event: 9.533 GC heap before
{Heap before GC invocations=8 (full 0):
 garbage-first heap   total 58368K, used 48257K [0x0000000081c00000, 0x0000000100000000)
  region size 1024K, 28 young (28672K), 4 survivors (4096K)
 Metaspace       used 33994K, committed 34624K, reserved 1114112K
  class space    used 4640K, committed 4928K, reserved 1048576K
}
Event: 9.544 GC heap after
{Heap after GC invocations=9 (full 0):
 garbage-first heap   total 58368K, used 24611K [0x0000000081c00000, 0x0000000100000000)
  region size 1024K, 2 young (2048K), 2 survivors (2048K)
 Metaspace       used 33994K, committed 34624K, reserved 1114112K
  class space    used 4640K, committed 4928K, reserved 1048576K
}
Event: 9.813 GC heap before
{Heap before GC invocations=9 (full 0):
 garbage-first heap   total 58368K, used 29731K [0x0000000081c00000, 0x0000000100000000)
  region size 1024K, 8 young (8192K), 2 survivors (2048K)
 Metaspace       used 35379K, committed 35968K, reserved 1114112K
  class space    used 4850K, committed 5120K, reserved 1048576K
}
Event: 9.819 GC heap after
{Heap after GC invocations=10 (full 0):
 garbage-first heap   total 70656K, used 24644K [0x0000000081c00000, 0x0000000100000000)
  region size 1024K, 2 young (2048K), 2 survivors (2048K)
 Metaspace       used 35379K, committed 35968K, reserved 1114112K
  class space    used 4850K, committed 5120K, reserved 1048576K
}
Event: 11.569 GC heap before
{Heap before GC invocations=11 (full 0):
 garbage-first heap   total 70656K, used 59460K [0x0000000081c00000, 0x0000000100000000)
  region size 1024K, 37 young (37888K), 2 survivors (2048K)
 Metaspace       used 44224K, committed 44864K, reserved 1114112K
  class space    used 6140K, committed 6400K, reserved 1048576K
}
Event: 11.581 GC heap after
{Heap after GC invocations=12 (full 0):
 garbage-first heap   total 70656K, used 27432K [0x0000000081c00000, 0x0000000100000000)
  region size 1024K, 5 young (5120K), 5 survivors (5120K)
 Metaspace       used 44224K, committed 44864K, reserved 1114112K
  class space    used 6140K, committed 6400K, reserved 1048576K
}

