# JRE version: OpenJDK Runtime Environment Temurin-21.0.6+7 (21.0.6+7) (build 21.0.6+7-LTS)
# Java VM: OpenJDK 64-Bit Server VM Temurin-21.0.6+7 (21.0.6+7-LTS, mixed mode, sharing, tiered, compressed oops, compressed class ptrs, g1 gc, windows-amd64)
GC Precious Log:
 CardTable entry size: 512
 Card Set container configuration: InlinePtr #cards 5 size 8 Array Of Cards #cards 12 size 40 Howl #buckets 4 coarsen threshold 1843 Howl Bitmap #cards 512 size 80 coarsen threshold 460 Card regions per heap region 1 cards per card region 2048
 CPUs: 4 total, 4 available
 Memory: 8072M
 Large Page Support: Disabled
 NUMA Support: Disabled
 Compressed Oops: Enabled (32-bit)
 Heap Region Size: 1M
 Heap Min Capacity: 8M
 Heap Initial Capacity: 128M
 Heap Max Capacity: 2020M
 Pre-touch: Disabled
 Parallel Workers: 4
 Concurrent Workers: 1
 Concurrent Refinement Workers: 4
 Periodic GC: Disabled
Heap:
 garbage-first heap   total 79872K, used 47902K [0x0000000081c00000, 0x0000000100000000)
  region size 1024K, 14 young (14336K), 3 survivors (3072K)
 Metaspace       used 71562K, committed 72192K, reserved 1114112K
  class space    used 9747K, committed 10048K, reserved 1048576K
GC Heap History (20 events):
Event: 5.848 GC heap before
{Heap before GC invocations=6 (full 0):
 garbage-first heap   total 55296K, used 41713K [0x0000000081c00000, 0x0000000100000000)
  region size 1024K, 26 young (26624K), 4 survivors (4096K)
 Metaspace       used 27635K, committed 27904K, reserved 1114112K
  class space    used 3464K, committed 3584K, reserved 1048576K
}
Event: 5.860 GC heap after
{Heap after GC invocations=7 (full 0):
 garbage-first heap   total 55296K, used 20608K [0x0000000081c00000, 0x0000000100000000)
  region size 1024K, 2 young (2048K), 2 survivors (2048K)
 Metaspace       used 27635K, committed 27904K, reserved 1114112K
  class space    used 3464K, committed 3584K, reserved 1048576K
}
Event: 6.734 GC heap before
{Heap before GC invocations=7 (full 0):
 garbage-first heap   total 55296K, used 43136K [0x0000000081c00000, 0x0000000100000000)
  region size 1024K, 24 young (24576K), 2 survivors (2048K)
 Metaspace       used 30898K, committed 31360K, reserved 1114112K
  class space    used 3964K, committed 4160K, reserved 1048576K
}
Event: 6.743 GC heap after
{Heap after GC invocations=8 (full 0):
 garbage-first heap   total 55296K, used 22528K [0x0000000081c00000, 0x0000000100000000)
  region size 1024K, 3 young (3072K), 3 survivors (3072K)
 Metaspace       used 30898K, committed 31360K, reserved 1114112K
  class space    used 3964K, committed 4160K, reserved 1048576K
}
Event: 7.650 GC heap before
{Heap before GC invocations=8 (full 0):
 garbage-first heap   total 55296K, used 46080K [0x0000000081c00000, 0x0000000100000000)
  region size 1024K, 26 young (26624K), 3 survivors (3072K)
 Metaspace       used 35112K, committed 35584K, reserved 1114112K
  class space    used 4578K, committed 4800K, reserved 1048576K
}
Event: 7.664 GC heap after
{Heap after GC invocations=9 (full 0):
 garbage-first heap   total 55296K, used 24862K [0x0000000081c00000, 0x0000000100000000)
  region size 1024K, 4 young (4096K), 4 survivors (4096K)
 Metaspace       used 35112K, committed 35584K, reserved 1114112K
  class space    used 4578K, committed 4800K, reserved 1048576K
}
Event: 7.794 GC heap before
{Heap before GC invocations=9 (full 0):
 garbage-first heap   total 55296K, used 26910K [0x0000000081c00000, 0x0000000100000000)
  region size 1024K, 7 young (7168K), 4 survivors (4096K)
 Metaspace       used 35844K, committed 36288K, reserved 1114112K
  class space    used 4672K, committed 4864K, reserved 1048576K
}
Event: 7.802 GC heap after
{Heap after GC invocations=10 (full 0):
 garbage-first heap   total 66560K, used 24910K [0x0000000081c00000, 0x0000000100000000)
  region size 1024K, 3 young (3072K), 3 survivors (3072K)
 Metaspace       used 35844K, committed 36288K, reserved 1114112K
  class space    used 4672K, committed 4864K, reserved 1048576K
}
Event: 9.580 GC heap before
{Heap before GC invocations=11 (full 0):
 garbage-first heap   total 66560K, used 56654K [0x0000000081c00000, 0x0000000100000000)
  region size 1024K, 34 young (34816K), 3 survivors (3072K)
 Metaspace       used 44680K, committed 45248K, reserved 1114112K
  class space    used 5938K, committed 6208K, reserved 1048576K
}
Event: 9.593 GC heap after
{Heap after GC invocations=12 (full 0):
 garbage-first heap   total 66560K, used 27609K [0x0000000081c00000, 0x0000000100000000)
  region size 1024K, 5 young (5120K), 5 survivors (5120K)
 Metaspace       used 44680K, committed 45248K, reserved 1114112K
  class space    used 5938K, committed 6208K, reserved 1048576K
}
Event: 10.611 GC heap before
{Heap before GC invocations=12 (full 0):
 garbage-first heap   total 66560K, used 57305K [0x0000000081c00000, 0x0000000100000000)
  region size 1024K, 34 young (34816K), 5 survivors (5120K)
 Metaspace       used 53452K, committed 54016K, reserved 1114112K
  class space    used 7208K, committed 7488K, reserved 1048576K
}
Event: 10.627 GC heap after
{Heap after GC invocations=13 (full 0):
 garbage-first heap   total 66560K, used 28480K [0x0000000081c00000, 0x0000000100000000)
  region size 1024K, 2 young (2048K), 2 survivors (2048K)
 Metaspace       used 53452K, committed 54016K, reserved 1114112K
  class space    used 7208K, committed 7488K, reserved 1048576K
}
Event: 11.662 GC heap before
{Heap before GC invocations=13 (full 0):
 garbage-first heap   total 66560K, used 56128K [0x0000000081c00000, 0x0000000100000000)
  region size 1024K, 30 young (30720K), 2 survivors (2048K)
 Metaspace       used 60077K, committed 60608K, reserved 1114112K
  class space    used 8125K, committed 8384K, reserved 1048576K
}
Event: 11.670 GC heap after
{Heap after GC invocations=14 (full 0):
 garbage-first heap   total 66560K, used 30528K [0x0000000081c00000, 0x0000000100000000)
  region size 1024K, 4 young (4096K), 4 survivors (4096K)
 Metaspace       used 60077K, committed 60608K, reserved 1114112K
  class space    used 8125K, committed 8384K, reserved 1048576K
}
Event: 12.652 GC heap before
{Heap before GC invocations=15 (full 0):
 garbage-first heap   total 66560K, used 57152K [0x0000000081c00000, 0x0000000100000000)
  region size 1024K, 31 young (31744K), 4 survivors (4096K)
 Metaspace       used 65349K, committed 65920K, reserved 1114112K
  class space    used 8854K, committed 9088K, reserved 1048576K
}
Event: 12.669 GC heap after
{Heap after GC invocations=16 (full 0):
 garbage-first heap   total 66560K, used 33629K [0x0000000081c00000, 0x0000000100000000)
  region size 1024K, 4 young (4096K), 4 survivors (4096K)
 Metaspace       used 65349K, committed 65920K, reserved 1114112K
  class space    used 8854K, committed 9088K, reserved 1048576K
}
Event: 13.582 GC heap before
{Heap before GC invocations=16 (full 0):
 garbage-first heap   total 66560K, used 57181K [0x0000000081c00000, 0x0000000100000000)
  region size 1024K, 27 young (27648K), 4 survivors (4096K)
 Metaspace       used 68670K, committed 69312K, reserved 1114112K
  class space    used 9310K, committed 9600K, reserved 1048576K
}
Event: 13.602 GC heap after
{Heap after GC invocations=17 (full 0):
 garbage-first heap   total 66560K, used 35392K [0x0000000081c00000, 0x0000000100000000)
  region size 1024K, 3 young (3072K), 3 survivors (3072K)
 Metaspace       used 68670K, committed 69312K, reserved 1114112K
  class space    used 9310K, committed 9600K, reserved 1048576K
}
Event: 14.600 GC heap before
{Heap before GC invocations=17 (full 0):
 garbage-first heap   total 66560K, used 57920K [0x0000000081c00000, 0x0000000100000000)
  region size 1024K, 25 young (25600K), 3 survivors (3072K)
 Metaspace       used 71253K, committed 71872K, reserved 1114112K
  class space    used 9691K, committed 9984K, reserved 1048576K
}
Event: 14.616 GC heap after
{Heap after GC invocations=18 (full 0):
 garbage-first heap   total 79872K, used 37662K [0x0000000081c00000, 0x0000000100000000)
  region size 1024K, 3 young (3072K), 3 survivors (3072K)
 Metaspace       used 71253K, committed 71872K, reserved 1114112K
  class space    used 9691K, committed 9984K, reserved 1048576K
}

