# JRE version: OpenJDK Runtime Environment Temurin-21.0.6+7 (21.0.6+7) (build 21.0.6+7-LTS)
# Java VM: OpenJDK 64-Bit Server VM Temurin-21.0.6+7 (21.0.6+7-LTS, mixed mode, sharing, tiered, compressed oops, compressed class ptrs, g1 gc, windows-amd64)
GC Precious Log:
 CardTable entry size: 512
 Card Set container configuration: InlinePtr #cards 5 size 8 Array Of Cards #cards 12 size 40 Howl #buckets 4 coarsen threshold 1843 Howl Bitmap #cards 512 size 80 coarsen threshold 460 Card regions per heap region 1 cards per card region 2048
 CPUs: 4 total, 4 available
 Memory: 8072M
 Large Page Support: Disabled
 NUMA Support: Disabled
 Compressed Oops: Enabled (32-bit)
 Heap Region Size: 1M
 Heap Min Capacity: 8M
 Heap Initial Capacity: 128M
 Heap Max Capacity: 2020M
 Pre-touch: Disabled
 Parallel Workers: 4
 Concurrent Workers: 1
 Concurrent Refinement Workers: 4
 Periodic GC: Disabled
Heap:
 garbage-first heap   total 143360K, used 89628K [0x0000000081c00000, 0x0000000100000000)
  region size 1024K, 22 young (22528K), 4 survivors (4096K)
 Metaspace       used 34946K, committed 35520K, reserved 1114112K
  class space    used 3831K, committed 4096K, reserved 1048576K
GC Heap History (20 events):
Event: 8.666 GC heap before
{Heap before GC invocations=5 (full 0):
 garbage-first heap   total 131072K, used 31702K [0x0000000081c00000, 0x0000000100000000)
  region size 1024K, 16 young (16384K), 10 survivors (10240K)
 Metaspace       used 21167K, committed 21504K, reserved 1114112K
  class space    used 2333K, committed 2496K, reserved 1048576K
}
Event: 8.685 GC heap after
{Heap after GC invocations=6 (full 0):
 garbage-first heap   total 131072K, used 28016K [0x0000000081c00000, 0x0000000100000000)
  region size 1024K, 5 young (5120K), 5 survivors (5120K)
 Metaspace       used 21167K, committed 21504K, reserved 1114112K
  class space    used 2333K, committed 2496K, reserved 1048576K
}
Event: 10.058 GC heap before
{Heap before GC invocations=7 (full 0):
 garbage-first heap   total 96256K, used 85360K [0x0000000081c00000, 0x0000000100000000)
  region size 1024K, 56 young (57344K), 5 survivors (5120K)
 Metaspace       used 26738K, committed 27072K, reserved 1114112K
  class space    used 2977K, committed 3136K, reserved 1048576K
}
Event: 10.088 GC heap after
{Heap after GC invocations=8 (full 0):
 garbage-first heap   total 107520K, used 48496K [0x0000000081c00000, 0x0000000100000000)
  region size 1024K, 7 young (7168K), 7 survivors (7168K)
 Metaspace       used 26738K, committed 27072K, reserved 1114112K
  class space    used 2977K, committed 3136K, reserved 1048576K
}
Event: 11.406 GC heap before
{Heap before GC invocations=8 (full 0):
 garbage-first heap   total 107520K, used 85360K [0x0000000081c00000, 0x0000000100000000)
  region size 1024K, 44 young (45056K), 7 survivors (7168K)
 Metaspace       used 28338K, committed 28736K, reserved 1114112K
  class space    used 3134K, committed 3328K, reserved 1048576K
}
Event: 11.430 GC heap after
{Heap after GC invocations=9 (full 0):
 garbage-first heap   total 107520K, used 54640K [0x0000000081c00000, 0x0000000100000000)
  region size 1024K, 6 young (6144K), 6 survivors (6144K)
 Metaspace       used 28338K, committed 28736K, reserved 1114112K
  class space    used 3134K, committed 3328K, reserved 1048576K
}
Event: 13.291 GC heap before
{Heap before GC invocations=9 (full 0):
 garbage-first heap   total 107520K, used 87408K [0x0000000081c00000, 0x0000000100000000)
  region size 1024K, 39 young (39936K), 6 survivors (6144K)
 Metaspace       used 30005K, committed 30464K, reserved 1114112K
  class space    used 3341K, committed 3584K, reserved 1048576K
}
Event: 13.305 GC heap after
{Heap after GC invocations=10 (full 0):
 garbage-first heap   total 107520K, used 56176K [0x0000000081c00000, 0x0000000100000000)
  region size 1024K, 2 young (2048K), 2 survivors (2048K)
 Metaspace       used 30005K, committed 30464K, reserved 1114112K
  class space    used 3341K, committed 3584K, reserved 1048576K
}
Event: 17.870 GC heap before
{Heap before GC invocations=11 (full 0):
 garbage-first heap   total 107520K, used 90992K [0x0000000081c00000, 0x0000000100000000)
  region size 1024K, 36 young (36864K), 2 survivors (2048K)
 Metaspace       used 31992K, committed 32512K, reserved 1114112K
  class space    used 3554K, committed 3776K, reserved 1048576K
}
Event: 17.883 GC heap after
{Heap after GC invocations=12 (full 0):
 garbage-first heap   total 107520K, used 56293K [0x0000000081c00000, 0x0000000100000000)
  region size 1024K, 4 young (4096K), 4 survivors (4096K)
 Metaspace       used 31992K, committed 32512K, reserved 1114112K
  class space    used 3554K, committed 3776K, reserved 1048576K
}
Event: 20.169 GC heap before
{Heap before GC invocations=12 (full 0):
 garbage-first heap   total 107520K, used 98277K [0x0000000081c00000, 0x0000000100000000)
  region size 1024K, 39 young (39936K), 4 survivors (4096K)
 Metaspace       used 32063K, committed 32576K, reserved 1114112K
  class space    used 3555K, committed 3776K, reserved 1048576K
}
Event: 20.207 GC heap after
{Heap after GC invocations=13 (full 0):
 garbage-first heap   total 118784K, used 74752K [0x0000000081c00000, 0x0000000100000000)
  region size 1024K, 5 young (5120K), 5 survivors (5120K)
 Metaspace       used 32063K, committed 32576K, reserved 1114112K
  class space    used 3555K, committed 3776K, reserved 1048576K
}
Event: 20.628 GC heap before
{Heap before GC invocations=13 (full 0):
 garbage-first heap   total 118784K, used 77824K [0x0000000081c00000, 0x0000000100000000)
  region size 1024K, 9 young (9216K), 5 survivors (5120K)
 Metaspace       used 32063K, committed 32576K, reserved 1114112K
  class space    used 3555K, committed 3776K, reserved 1048576K
}
Event: 20.635 GC heap after
{Heap after GC invocations=14 (full 0):
 garbage-first heap   total 143360K, used 76062K [0x0000000081c00000, 0x0000000100000000)
  region size 1024K, 2 young (2048K), 2 survivors (2048K)
 Metaspace       used 32063K, committed 32576K, reserved 1114112K
  class space    used 3555K, committed 3776K, reserved 1048576K
}
Event: 22.865 GC heap before
{Heap before GC invocations=15 (full 0):
 garbage-first heap   total 143360K, used 110878K [0x0000000081c00000, 0x0000000100000000)
  region size 1024K, 38 young (38912K), 2 survivors (2048K)
 Metaspace       used 32092K, committed 32576K, reserved 1114112K
  class space    used 3555K, committed 3776K, reserved 1048576K
}
Event: 22.878 GC heap after
{Heap after GC invocations=16 (full 0):
 garbage-first heap   total 143360K, used 84992K [0x0000000081c00000, 0x0000000100000000)
  region size 1024K, 5 young (5120K), 5 survivors (5120K)
 Metaspace       used 32092K, committed 32576K, reserved 1114112K
  class space    used 3555K, committed 3776K, reserved 1048576K
}
Event: 26.197 GC heap before
{Heap before GC invocations=16 (full 0):
 garbage-first heap   total 143360K, used 115712K [0x0000000081c00000, 0x0000000100000000)
  region size 1024K, 36 young (36864K), 5 survivors (5120K)
 Metaspace       used 33212K, committed 33728K, reserved 1114112K
  class space    used 3686K, committed 3904K, reserved 1048576K
}
Event: 26.211 GC heap after
{Heap after GC invocations=17 (full 0):
 garbage-first heap   total 143360K, used 75759K [0x0000000081c00000, 0x0000000100000000)
  region size 1024K, 3 young (3072K), 3 survivors (3072K)
 Metaspace       used 33212K, committed 33728K, reserved 1114112K
  class space    used 3686K, committed 3904K, reserved 1048576K
}
Event: 29.084 GC heap before
{Heap before GC invocations=17 (full 0):
 garbage-first heap   total 143360K, used 113647K [0x0000000081c00000, 0x0000000100000000)
  region size 1024K, 40 young (40960K), 3 survivors (3072K)
 Metaspace       used 34235K, committed 34880K, reserved 1114112K
  class space    used 3771K, committed 4096K, reserved 1048576K
}
Event: 29.091 GC heap after
{Heap after GC invocations=18 (full 0):
 garbage-first heap   total 143360K, used 75292K [0x0000000081c00000, 0x0000000100000000)
  region size 1024K, 4 young (4096K), 4 survivors (4096K)
 Metaspace       used 34235K, committed 34880K, reserved 1114112K
  class space    used 3771K, committed 4096K, reserved 1048576K
}

