# JRE version: OpenJDK Runtime Environment Temurin-21.0.6+7 (21.0.6+7) (build 21.0.6+7-LTS)
# Java VM: OpenJDK 64-Bit Server VM Temurin-21.0.6+7 (21.0.6+7-LTS, mixed mode, sharing, tiered, compressed oops, compressed class ptrs, g1 gc, windows-amd64)
GC Precious Log:
 CardTable entry size: 512
 Card Set container configuration: InlinePtr #cards 5 size 8 Array Of Cards #cards 12 size 40 Howl #buckets 4 coarsen threshold 1843 Howl Bitmap #cards 512 size 80 coarsen threshold 460 Card regions per heap region 1 cards per card region 2048
 CPUs: 4 total, 4 available
 Memory: 8072M
 Large Page Support: Disabled
 NUMA Support: Disabled
 Compressed Oops: Enabled (32-bit)
 Heap Region Size: 1M
 Heap Min Capacity: 8M
 Heap Initial Capacity: 128M
 Heap Max Capacity: 2020M
 Pre-touch: Disabled
 Parallel Workers: 4
 Concurrent Workers: 1
 Concurrent Refinement Workers: 4
 Periodic GC: Disabled
Heap:
 garbage-first heap   total 79872K, used 44523K [0x0000000081c00000, 0x0000000100000000)
  region size 1024K, 5 young (5120K), 2 survivors (2048K)
 Metaspace       used 79946K, committed 80704K, reserved 1179648K
  class space    used 10878K, committed 11200K, reserved 1048576K
GC Heap History (20 events):
Event: 11.933 GC heap before
{Heap before GC invocations=9 (full 0):
 garbage-first heap   total 55296K, used 26111K [0x0000000081c00000, 0x0000000100000000)
  region size 1024K, 7 young (7168K), 4 survivors (4096K)
 Metaspace       used 35529K, committed 35968K, reserved 1114112K
  class space    used 4624K, committed 4800K, reserved 1048576K
}
Event: 11.951 GC heap after
{Heap after GC invocations=10 (full 0):
 garbage-first heap   total 55296K, used 24789K [0x0000000081c00000, 0x0000000100000000)
  region size 1024K, 3 young (3072K), 3 survivors (3072K)
 Metaspace       used 35529K, committed 35968K, reserved 1114112K
  class space    used 4624K, committed 4800K, reserved 1048576K
}
Event: 13.917 GC heap before
{Heap before GC invocations=11 (full 0):
 garbage-first heap   total 55296K, used 46293K [0x0000000081c00000, 0x0000000100000000)
  region size 1024K, 25 young (25600K), 3 survivors (3072K)
 Metaspace       used 41621K, committed 42176K, reserved 1114112K
  class space    used 5521K, committed 5760K, reserved 1048576K
}
Event: 13.934 GC heap after
{Heap after GC invocations=12 (full 0):
 garbage-first heap   total 55296K, used 26415K [0x0000000081c00000, 0x0000000100000000)
  region size 1024K, 4 young (4096K), 4 survivors (4096K)
 Metaspace       used 41621K, committed 42176K, reserved 1114112K
  class space    used 5521K, committed 5760K, reserved 1048576K
}
Event: 14.902 GC heap before
{Heap before GC invocations=12 (full 0):
 garbage-first heap   total 55296K, used 46895K [0x0000000081c00000, 0x0000000100000000)
  region size 1024K, 24 young (24576K), 4 survivors (4096K)
 Metaspace       used 47070K, committed 47552K, reserved 1114112K
  class space    used 6242K, committed 6464K, reserved 1048576K
}
Event: 14.917 GC heap after
{Heap after GC invocations=13 (full 0):
 garbage-first heap   total 55296K, used 27980K [0x0000000081c00000, 0x0000000100000000)
  region size 1024K, 3 young (3072K), 3 survivors (3072K)
 Metaspace       used 47070K, committed 47552K, reserved 1114112K
  class space    used 6242K, committed 6464K, reserved 1048576K
}
Event: 15.766 GC heap before
{Heap before GC invocations=13 (full 0):
 garbage-first heap   total 55296K, used 47436K [0x0000000081c00000, 0x0000000100000000)
  region size 1024K, 22 young (22528K), 3 survivors (3072K)
 Metaspace       used 53368K, committed 53888K, reserved 1114112K
  class space    used 7192K, committed 7424K, reserved 1048576K
}
Event: 15.772 GC heap after
{Heap after GC invocations=14 (full 0):
 garbage-first heap   total 66560K, used 28580K [0x0000000081c00000, 0x0000000100000000)
  region size 1024K, 1 young (1024K), 1 survivors (1024K)
 Metaspace       used 53368K, committed 53888K, reserved 1114112K
  class space    used 7192K, committed 7424K, reserved 1048576K
}
Event: 16.922 GC heap before
{Heap before GC invocations=15 (full 0):
 garbage-first heap   total 66560K, used 58276K [0x0000000081c00000, 0x0000000100000000)
  region size 1024K, 30 young (30720K), 1 survivors (1024K)
 Metaspace       used 59923K, committed 60544K, reserved 1114112K
  class space    used 8151K, committed 8448K, reserved 1048576K
}
Event: 16.935 GC heap after
{Heap after GC invocations=16 (full 0):
 garbage-first heap   total 66560K, used 30636K [0x0000000081c00000, 0x0000000100000000)
  region size 1024K, 3 young (3072K), 3 survivors (3072K)
 Metaspace       used 59923K, committed 60544K, reserved 1114112K
  class space    used 8151K, committed 8448K, reserved 1048576K
}
Event: 17.889 GC heap before
{Heap before GC invocations=16 (full 0):
 garbage-first heap   total 66560K, used 59308K [0x0000000081c00000, 0x0000000100000000)
  region size 1024K, 31 young (31744K), 3 survivors (3072K)
 Metaspace       used 63885K, committed 64512K, reserved 1114112K
  class space    used 8688K, committed 8960K, reserved 1048576K
}
Event: 17.912 GC heap after
{Heap after GC invocations=17 (full 0):
 garbage-first heap   total 66560K, used 33120K [0x0000000081c00000, 0x0000000100000000)
  region size 1024K, 3 young (3072K), 3 survivors (3072K)
 Metaspace       used 63885K, committed 64512K, reserved 1114112K
  class space    used 8688K, committed 8960K, reserved 1048576K
}
Event: 18.832 GC heap before
{Heap before GC invocations=17 (full 0):
 garbage-first heap   total 66560K, used 58720K [0x0000000081c00000, 0x0000000100000000)
  region size 1024K, 28 young (28672K), 3 survivors (3072K)
 Metaspace       used 69209K, committed 69824K, reserved 1114112K
  class space    used 9347K, committed 9600K, reserved 1048576K
}
Event: 18.852 GC heap after
{Heap after GC invocations=18 (full 0):
 garbage-first heap   total 66560K, used 36360K [0x0000000081c00000, 0x0000000100000000)
  region size 1024K, 4 young (4096K), 4 survivors (4096K)
 Metaspace       used 69209K, committed 69824K, reserved 1114112K
  class space    used 9347K, committed 9600K, reserved 1048576K
}
Event: 19.465 GC heap before
{Heap before GC invocations=19 (full 0):
 garbage-first heap   total 66560K, used 56840K [0x0000000081c00000, 0x0000000100000000)
  region size 1024K, 24 young (24576K), 4 survivors (4096K)
 Metaspace       used 71072K, committed 71744K, reserved 1114112K
  class space    used 9628K, committed 9920K, reserved 1048576K
}
Event: 19.482 GC heap after
{Heap after GC invocations=20 (full 0):
 garbage-first heap   total 66560K, used 38492K [0x0000000081c00000, 0x0000000100000000)
  region size 1024K, 2 young (2048K), 2 survivors (2048K)
 Metaspace       used 71072K, committed 71744K, reserved 1114112K
  class space    used 9628K, committed 9920K, reserved 1048576K
}
Event: 20.643 GC heap before
{Heap before GC invocations=20 (full 0):
 garbage-first heap   total 66560K, used 59996K [0x0000000081c00000, 0x0000000100000000)
  region size 1024K, 23 young (23552K), 2 survivors (2048K)
 Metaspace       used 75073K, committed 75776K, reserved 1179648K
  class space    used 10190K, committed 10496K, reserved 1048576K
}
Event: 20.664 GC heap after
{Heap after GC invocations=21 (full 0):
 garbage-first heap   total 66560K, used 40513K [0x0000000081c00000, 0x0000000100000000)
  region size 1024K, 3 young (3072K), 3 survivors (3072K)
 Metaspace       used 75073K, committed 75776K, reserved 1179648K
  class space    used 10190K, committed 10496K, reserved 1048576K
}
Event: 21.535 GC heap before
{Heap before GC invocations=21 (full 0):
 garbage-first heap   total 66560K, used 57921K [0x0000000081c00000, 0x0000000100000000)
  region size 1024K, 21 young (21504K), 3 survivors (3072K)
 Metaspace       used 79264K, committed 80000K, reserved 1179648K
  class space    used 10768K, committed 11072K, reserved 1048576K
}
Event: 21.545 GC heap after
{Heap after GC invocations=22 (full 0):
 garbage-first heap   total 79872K, used 42475K [0x0000000081c00000, 0x0000000100000000)
  region size 1024K, 2 young (2048K), 2 survivors (2048K)
 Metaspace       used 79264K, committed 80000K, reserved 1179648K
  class space    used 10768K, committed 11072K, reserved 1048576K
}

