# JRE version: OpenJDK Runtime Environment Temurin-21.0.6+7 (21.0.6+7) (build 21.0.6+7-LTS)
# Java VM: OpenJDK 64-Bit Server VM Temurin-21.0.6+7 (21.0.6+7-LTS, mixed mode, sharing, tiered, compressed oops, compressed class ptrs, g1 gc, windows-amd64)
GC Precious Log:
 CardTable entry size: 512
 Card Set container configuration: InlinePtr #cards 5 size 8 Array Of Cards #cards 12 size 40 Howl #buckets 4 coarsen threshold 1843 Howl Bitmap #cards 512 size 80 coarsen threshold 460 Card regions per heap region 1 cards per card region 2048
 CPUs: 4 total, 4 available
 Memory: 8072M
 Large Page Support: Disabled
 NUMA Support: Disabled
 Compressed Oops: Enabled (32-bit)
 Heap Region Size: 1M
 Heap Min Capacity: 8M
 Heap Initial Capacity: 128M
 Heap Max Capacity: 2020M
 Pre-touch: Disabled
 Parallel Workers: 4
 Concurrent Workers: 1
 Concurrent Refinement Workers: 4
 Periodic GC: Disabled
Heap:
 garbage-first heap   total 156672K, used 93427K [0x0000000081c00000, 0x0000000100000000)
  region size 1024K, 24 young (24576K), 2 survivors (2048K)
 Metaspace       used 34662K, committed 35264K, reserved 1114112K
  class space    used 3827K, committed 4096K, reserved 1048576K
GC Heap History (20 events):
Event: 14.731 GC heap before
{Heap before GC invocations=7 (full 0):
 garbage-first heap   total 96256K, used 80577K [0x0000000081c00000, 0x0000000100000000)
  region size 1024K, 56 young (57344K), 8 survivors (8192K)
 Metaspace       used 26625K, committed 27008K, reserved 1114112K
  class space    used 2967K, committed 3136K, reserved 1048576K
}
Event: 14.784 GC heap after
{Heap after GC invocations=8 (full 0):
 garbage-first heap   total 106496K, used 45249K [0x0000000081c00000, 0x0000000100000000)
  region size 1024K, 7 young (7168K), 7 survivors (7168K)
 Metaspace       used 26625K, committed 27008K, reserved 1114112K
  class space    used 2967K, committed 3136K, reserved 1048576K
}
Event: 15.982 GC heap before
{Heap before GC invocations=8 (full 0):
 garbage-first heap   total 106496K, used 85185K [0x0000000081c00000, 0x0000000100000000)
  region size 1024K, 46 young (47104K), 7 survivors (7168K)
 Metaspace       used 28098K, committed 28544K, reserved 1114112K
  class space    used 3107K, committed 3328K, reserved 1048576K
}
Event: 16.006 GC heap after
{Heap after GC invocations=9 (full 0):
 garbage-first heap   total 106496K, used 53248K [0x0000000081c00000, 0x0000000100000000)
  region size 1024K, 6 young (6144K), 6 survivors (6144K)
 Metaspace       used 28098K, committed 28544K, reserved 1114112K
  class space    used 3107K, committed 3328K, reserved 1048576K
}
Event: 16.976 GC heap before
{Heap before GC invocations=9 (full 0):
 garbage-first heap   total 106496K, used 87040K [0x0000000081c00000, 0x0000000100000000)
  region size 1024K, 40 young (40960K), 6 survivors (6144K)
 Metaspace       used 29773K, committed 30208K, reserved 1114112K
  class space    used 3327K, committed 3520K, reserved 1048576K
}
Event: 16.994 GC heap after
{Heap after GC invocations=10 (full 0):
 garbage-first heap   total 106496K, used 55296K [0x0000000081c00000, 0x0000000100000000)
  region size 1024K, 2 young (2048K), 2 survivors (2048K)
 Metaspace       used 29773K, committed 30208K, reserved 1114112K
  class space    used 3327K, committed 3520K, reserved 1048576K
}
Event: 18.488 GC heap before
{Heap before GC invocations=10 (full 0):
 garbage-first heap   total 106496K, used 81920K [0x0000000081c00000, 0x0000000100000000)
  region size 1024K, 29 young (29696K), 2 survivors (2048K)
 Metaspace       used 31817K, committed 32320K, reserved 1114112K
  class space    used 3562K, committed 3776K, reserved 1048576K
}
Event: 18.504 GC heap after
{Heap after GC invocations=11 (full 0):
 garbage-first heap   total 128000K, used 54997K [0x0000000081c00000, 0x0000000100000000)
  region size 1024K, 4 young (4096K), 4 survivors (4096K)
 Metaspace       used 31817K, committed 32320K, reserved 1114112K
  class space    used 3562K, committed 3776K, reserved 1048576K
}
Event: 19.164 GC heap before
{Heap before GC invocations=11 (full 0):
 garbage-first heap   total 128000K, used 79573K [0x0000000081c00000, 0x0000000100000000)
  region size 1024K, 24 young (24576K), 4 survivors (4096K)
 Metaspace       used 31837K, committed 32320K, reserved 1114112K
  class space    used 3562K, committed 3776K, reserved 1048576K
}
Event: 19.183 GC heap after
{Heap after GC invocations=12 (full 0):
 garbage-first heap   total 128000K, used 62792K [0x0000000081c00000, 0x0000000100000000)
  region size 1024K, 7 young (7168K), 7 survivors (7168K)
 Metaspace       used 31837K, committed 32320K, reserved 1114112K
  class space    used 3562K, committed 3776K, reserved 1048576K
}
Event: 19.199 GC heap before
{Heap before GC invocations=12 (full 0):
 garbage-first heap   total 128000K, used 64840K [0x0000000081c00000, 0x0000000100000000)
  region size 1024K, 9 young (9216K), 7 survivors (7168K)
 Metaspace       used 31839K, committed 32384K, reserved 1114112K
  class space    used 3562K, committed 3776K, reserved 1048576K
}
Event: 19.211 GC heap after
{Heap after GC invocations=13 (full 0):
 garbage-first heap   total 128000K, used 66201K [0x0000000081c00000, 0x0000000100000000)
  region size 1024K, 2 young (2048K), 2 survivors (2048K)
 Metaspace       used 31839K, committed 32384K, reserved 1114112K
  class space    used 3562K, committed 3776K, reserved 1048576K
}
Event: 19.660 GC heap before
{Heap before GC invocations=14 (full 0):
 garbage-first heap   total 128000K, used 102041K [0x0000000081c00000, 0x0000000100000000)
  region size 1024K, 33 young (33792K), 2 survivors (2048K)
 Metaspace       used 31877K, committed 32384K, reserved 1114112K
  class space    used 3563K, committed 3776K, reserved 1048576K
}
Event: 19.671 GC heap after
{Heap after GC invocations=15 (full 0):
 garbage-first heap   total 128000K, used 81700K [0x0000000081c00000, 0x0000000100000000)
  region size 1024K, 5 young (5120K), 5 survivors (5120K)
 Metaspace       used 31877K, committed 32384K, reserved 1114112K
  class space    used 3563K, committed 3776K, reserved 1048576K
}
Event: 20.196 GC heap before
{Heap before GC invocations=15 (full 0):
 garbage-first heap   total 128000K, used 104228K [0x0000000081c00000, 0x0000000100000000)
  region size 1024K, 27 young (27648K), 5 survivors (5120K)
 Metaspace       used 31896K, committed 32384K, reserved 1114112K
  class space    used 3563K, committed 3776K, reserved 1048576K
}
Event: 20.215 GC heap after
{Heap after GC invocations=16 (full 0):
 garbage-first heap   total 128000K, used 74732K [0x0000000081c00000, 0x0000000100000000)
  region size 1024K, 4 young (4096K), 4 survivors (4096K)
 Metaspace       used 31896K, committed 32384K, reserved 1114112K
  class space    used 3563K, committed 3776K, reserved 1048576K
}
Event: 21.372 GC heap before
{Heap before GC invocations=16 (full 0):
 garbage-first heap   total 128000K, used 101356K [0x0000000081c00000, 0x0000000100000000)
  region size 1024K, 31 young (31744K), 4 survivors (4096K)
 Metaspace       used 32563K, committed 33024K, reserved 1114112K
  class space    used 3646K, committed 3840K, reserved 1048576K
}
Event: 21.383 GC heap after
{Heap after GC invocations=17 (full 0):
 garbage-first heap   total 156672K, used 77632K [0x0000000081c00000, 0x0000000100000000)
  region size 1024K, 4 young (4096K), 4 survivors (4096K)
 Metaspace       used 32563K, committed 33024K, reserved 1114112K
  class space    used 3646K, committed 3840K, reserved 1048576K
}
Event: 23.865 GC heap before
{Heap before GC invocations=17 (full 0):
 garbage-first heap   total 156672K, used 121664K [0x0000000081c00000, 0x0000000100000000)
  region size 1024K, 47 young (48128K), 4 survivors (4096K)
 Metaspace       used 33755K, committed 34304K, reserved 1114112K
  class space    used 3763K, committed 3968K, reserved 1048576K
}
Event: 23.873 GC heap after
{Heap after GC invocations=18 (full 0):
 garbage-first heap   total 156672K, used 76019K [0x0000000081c00000, 0x0000000100000000)
  region size 1024K, 2 young (2048K), 2 survivors (2048K)
 Metaspace       used 33755K, committed 34304K, reserved 1114112K
  class space    used 3763K, committed 3968K, reserved 1048576K
}

